[35m[Appium][39m Welcome to Appium v1.22.3
[35m[Appium][39m Non-default server args:
[35m[Appium][39m   port: 65473
[35m[Appium][39m   loglevel: info
[35m[Appium][39m   tmpDir: /var/folders/_9/6856h3ld5bjgvjjn82tkk4s80000gn/T//Katalon/Appium/Temp1654611287541
[35m[Appium][39m   chromedriverPort: 65474
[35m[Appium][39m Deprecated server args:
[35m[Appium][39m   [31m--chromedriver-port[39m => --default-capabilities
[35m[Appium][39m Default capabilities, which will be added to each request unless overridden by desired capabilities:
[35m[Appium][39m   chromedriverPort: 65474
[35m[Appium][39m Appium REST http interface listener started on 0.0.0.0:65473
[35m[HTTP][39m [37m-->[39m [37mGET[39m [37m/wd/hub/status[39m
[35m[HTTP][39m [90m{}[39m
[35m[HTTP][39m [37m<-- GET /wd/hub/status [39m[32m200[39m [90m15 ms - 68[39m
[35m[HTTP][39m [90m[39m
[35m[HTTP][39m [37m-->[39m [37mGET[39m [37m/wd/hub/status[39m
[35m[HTTP][39m [90m{}[39m
[35m[HTTP][39m [37m<-- GET /wd/hub/status [39m[32m200[39m [90m11 ms - 68[39m
[35m[HTTP][39m [90m[39m
[35m[HTTP][39m [37m-->[39m [37mPOST[39m [37m/wd/hub/session[39m
[35m[HTTP][39m [90m{"desiredCapabilities":{"app":"/Users/bhagyesh/Downloads/Coffee Timer.app","noReset":true,"deviceName":"iPhone 11","fullReset":false,"wdaLocalPort":65489,"newCommandTimeout":1800,"realDeviceLogger":"/Applications/Katalon Studio.app/Contents/Eclipse/configuration/resources/tools/deviceconsole","platformVersion":"15.5","automationName":"XCUITest","waitForAppScript":"true;","platformName":"iOS","udid":"924EAC0E-38A9-497D-B770-C8CE7DB2C0A0"},"capabilities":{"firstMatch":[{"appium:app":"/Users/bhagyesh/Downloads/Coffee Timer.app","appium:automationName":"XCUITest","appium:deviceName":"iPhone 11","appium:fullReset":false,"appium:newCommandTimeout":1800,"appium:noReset":true,"platformName":"ios","appium:platformVersion":"15.5","realDeviceLogger":"/Applications/Katalon Studio.app/Contents/Eclipse/configuration/resources/tools/deviceconsole","appium:udid":"924EAC0E-38A9-497D-B770-C8CE7DB2C0A0","appium:waitForAppScript":"true;","appium:wdaLocalPort":65489}]}}[39m
[35m[BaseDriver][39m The following capabilities are not standard capabilities and should have an extension prefix:
[35m[BaseDriver][39m   realDeviceLogger
[35m[BaseDriver][39m   chromedriverPort
[35m[Appium][39m Appium v1.22.3 creating new XCUITestDriver (v3.59.0) session
[35m[BaseDriver][39m The following capabilities were provided, but are not recognized by Appium:
[35m[BaseDriver][39m   realDeviceLogger
[35m[BaseDriver][39m   chromedriverPort
[35m[BaseDriver][39m   waitForAppScript
[35m[BaseDriver][39m Session created with session id: bee273bd-6a2c-4cf8-864c-e9b635239267
[35m[iOSSim][39m Constructing iOS simulator for Xcode version 13.4.1 with udid '924EAC0E-38A9-497D-B770-C8CE7DB2C0A0'
[35m[XCUITest][39m Determining device to run tests on: udid: '924EAC0E-38A9-497D-B770-C8CE7DB2C0A0', real device: false
[35m[BaseDriver][39m Using local app '/Users/bhagyesh/Downloads/Coffee Timer.app'
[35m[WebDriverAgent][39m Using WDA path: '/usr/local/lib/node_modules/appium/node_modules/appium-webdriveragent'
[35m[WebDriverAgent][39m Using WDA agent: '/usr/local/lib/node_modules/appium/node_modules/appium-webdriveragent/WebDriverAgent.xcodeproj'
[35m[XCUITest][39m Continuing without capturing device logs: iOS Simulator with udid '924EAC0E-38A9-497D-B770-C8CE7DB2C0A0' is not running
[35m[XCUITest][39m Setting up simulator
[35m[iOSSim][39m Starting Simulator UI with command: open -Fn /Applications/Xcode.app/Contents/Developer/Applications/Simulator.app --args -CurrentDeviceUDID 924EAC0E-38A9-497D-B770-C8CE7DB2C0A0
[35m[iOSSim][39m Simulator with UDID 924EAC0E-38A9-497D-B770-C8CE7DB2C0A0 booted in 70.583s
[35m[DevCon Factory][39m Requesting connection for device 924EAC0E-38A9-497D-B770-C8CE7DB2C0A0 on local port 65489
[35m[DevCon Factory][39m Successfully requested the connection for 924EAC0E-38A9-497D-B770-C8CE7DB2C0A0:65489
[35m[WD Proxy][39m connect ECONNREFUSED 127.0.0.1:65489
[35m[WebDriverAgent][39m Launching WebDriverAgent on the device
[35m[WebDriverAgent][39m WebDriverAgent does not need a cleanup. The sources are up to date (1648720877368 >= 1648720877368)
[35m[WD Proxy][39m connect ECONNREFUSED 127.0.0.1:65489
[35m[WD Proxy][39m connect ECONNREFUSED 127.0.0.1:65489
[35m[WD Proxy][39m connect ECONNREFUSED 127.0.0.1:65489
[35m[WD Proxy][39m connect ECONNREFUSED 127.0.0.1:65489
[35m[WD Proxy][39m connect ECONNREFUSED 127.0.0.1:65489
[35m[WD Proxy][39m connect ECONNREFUSED 127.0.0.1:65489
[35m[WD Proxy][39m connect ECONNREFUSED 127.0.0.1:65489
[35m[WD Proxy][39m connect ECONNREFUSED 127.0.0.1:65489
[35m[WD Proxy][39m connect ECONNREFUSED 127.0.0.1:65489
[35m[WD Proxy][39m connect ECONNREFUSED 127.0.0.1:65489
[35m[WD Proxy][39m connect ECONNREFUSED 127.0.0.1:65489
[35m[WD Proxy][39m connect ECONNREFUSED 127.0.0.1:65489
[35m[WD Proxy][39m connect ECONNREFUSED 127.0.0.1:65489
[35m[WD Proxy][39m connect ECONNREFUSED 127.0.0.1:65489
[35m[WD Proxy][39m connect ECONNREFUSED 127.0.0.1:65489
[35m[WD Proxy][39m connect ECONNREFUSED 127.0.0.1:65489
[35m[WD Proxy][39m connect ECONNREFUSED 127.0.0.1:65489
[35m[WD Proxy][39m connect ECONNREFUSED 127.0.0.1:65489
[35m[WD Proxy][39m connect ECONNREFUSED 127.0.0.1:65489
[35m[WD Proxy][39m Determined the downstream protocol as 'W3C'
[35m[XCUITest][39m Skipping setting of the initial display orientation. Set the "orientation" capability to either "LANDSCAPE" or "PORTRAIT", if this is an undesired behavior.
[35m[Appium][39m New XCUITestDriver session created successfully, session bee273bd-6a2c-4cf8-864c-e9b635239267 added to master session list
[35m[HTTP][39m [37m<-- POST /wd/hub/session [39m[32m200[39m [90m131345 ms - 717[39m
[35m[HTTP][39m [90m[39m
[35m[HTTP][39m [37m-->[39m [37mGET[39m [37m/wd/hub/session/bee273bd-6a2c-4cf8-864c-e9b635239267[39m
[35m[HTTP][39m [90m{}[39m
[35m[XCUITest][39m Merging WDA caps over Appium caps for session detail response
[35m[HTTP][39m [37m<-- GET /wd/hub/session/bee273bd-6a2c-4cf8-864c-e9b635239267 [39m[32m200[39m [90m289 ms - 665[39m
[35m[HTTP][39m [90m[39m
[35m[HTTP][39m [37m-->[39m [37mGET[39m [37m/wd/hub/session/bee273bd-6a2c-4cf8-864c-e9b635239267[39m
[35m[HTTP][39m [90m{}[39m
[35m[XCUITest][39m Merging WDA caps over Appium caps for session detail response
[35m[HTTP][39m [37m<-- GET /wd/hub/session/bee273bd-6a2c-4cf8-864c-e9b635239267 [39m[32m200[39m [90m2 ms - 665[39m
[35m[HTTP][39m [90m[39m
[35m[HTTP][39m [37m-->[39m [37mGET[39m [37m/wd/hub/status[39m
[35m[HTTP][39m [90m{}[39m
[35m[HTTP][39m [37m<-- GET /wd/hub/status [39m[32m200[39m [90m1 ms - 68[39m
[35m[HTTP][39m [90m[39m
[35m[HTTP][39m [37m-->[39m [37mPOST[39m [37m/wd/hub/session/bee273bd-6a2c-4cf8-864c-e9b635239267/timeouts[39m
[35m[HTTP][39m [90m{"implicit":60000}[39m
[35m[HTTP][39m [37m<-- POST /wd/hub/session/bee273bd-6a2c-4cf8-864c-e9b635239267/timeouts [39m[32m200[39m [90m2 ms - 14[39m
[35m[HTTP][39m [90m[39m
[35m[HTTP][39m [37m-->[39m [37mPOST[39m [37m/wd/hub/session/bee273bd-6a2c-4cf8-864c-e9b635239267/execute/sync[39m
[35m[HTTP][39m [90m{"script":"mobile: source","args":[{"format":"xml","excludedAttributes":"visible"}]}[39m
[35m[HTTP][39m [37m<-- POST /wd/hub/session/bee273bd-6a2c-4cf8-864c-e9b635239267/execute/sync [39m[32m200[39m [90m622 ms - 11675[39m
[35m[HTTP][39m [90m[39m
[35m[HTTP][39m [37m-->[39m [37mGET[39m [37m/wd/hub/session/bee273bd-6a2c-4cf8-864c-e9b635239267/screenshot[39m
[35m[HTTP][39m [90m{}[39m
[35m[HTTP][39m [37m<-- GET /wd/hub/session/bee273bd-6a2c-4cf8-864c-e9b635239267/screenshot [39m[32m200[39m [90m202 ms - 201872[39m
[35m[HTTP][39m [90m[39m
[35m[HTTP][39m [37m-->[39m [37mPOST[39m [37m/wd/hub/session/bee273bd-6a2c-4cf8-864c-e9b635239267/element[39m
[35m[HTTP][39m [90m{"using":"xpath","value":"//*[@type = 'XCUIElementTypeStaticText' and @label = 'Colombian' and @name = 'Colombian' and @value = 'Colombian']"}[39m
[35m[HTTP][39m [37m<-- POST /wd/hub/session/bee273bd-6a2c-4cf8-864c-e9b635239267/element [39m[32m200[39m [90m332 ms - 137[39m
[35m[HTTP][39m [90m[39m
[35m[HTTP][39m [37m-->[39m [37mGET[39m [37m/wd/hub/session/bee273bd-6a2c-4cf8-864c-e9b635239267/window/rect[39m
[35m[HTTP][39m [90m{}[39m
[35m[HTTP][39m [37m<-- GET /wd/hub/session/bee273bd-6a2c-4cf8-864c-e9b635239267/window/rect [39m[32m200[39m [90m50 ms - 48[39m
[35m[HTTP][39m [90m[39m
[35m[HTTP][39m [37m-->[39m [37mPOST[39m [37m/wd/hub/session/bee273bd-6a2c-4cf8-864c-e9b635239267/elements[39m
[35m[HTTP][39m [90m{"using":"xpath","value":"//*[@type = 'XCUIElementTypeStaticText' and @label = 'Colombian' and @name = 'Colombian' and @value = 'Colombian']"}[39m
[35m[HTTP][39m [37m<-- POST /wd/hub/session/bee273bd-6a2c-4cf8-864c-e9b635239267/elements [39m[32m200[39m [90m321 ms - 139[39m
[35m[HTTP][39m [90m[39m
[35m[HTTP][39m [37m-->[39m [37mGET[39m [37m/wd/hub/session/bee273bd-6a2c-4cf8-864c-e9b635239267/element/1A000000-0000-0000-F91D-000000000000/location[39m
[35m[HTTP][39m [90m{}[39m
[35m[HTTP][39m [37m<-- GET /wd/hub/session/bee273bd-6a2c-4cf8-864c-e9b635239267/element/1A000000-0000-0000-F91D-000000000000/location [39m[32m200[39m [90m33 ms - 26[39m
[35m[HTTP][39m [90m[39m
[35m[HTTP][39m [37m-->[39m [37mPOST[39m [37m/wd/hub/session/bee273bd-6a2c-4cf8-864c-e9b635239267/element/1A000000-0000-0000-F91D-000000000000/click[39m
[35m[HTTP][39m [90m{"id":"1A000000-0000-0000-F91D-000000000000"}[39m
[35m[W3C (bee273bd)][39m Driver proxy active, passing request on via HTTP proxy
[35m[WD Proxy][39m Replacing sessionId 39BEC1D7-5D4B-47B7-96D3-C85851DC79B5 with bee273bd-6a2c-4cf8-864c-e9b635239267
[35m[HTTP][39m [37m<-- POST /wd/hub/session/bee273bd-6a2c-4cf8-864c-e9b635239267/element/1A000000-0000-0000-F91D-000000000000/click [39m[32m200[39m [90m285 ms - 65[39m
[35m[HTTP][39m [90m[39m
[35m[HTTP][39m [37m-->[39m [37mPOST[39m [37m/wd/hub/session/bee273bd-6a2c-4cf8-864c-e9b635239267/execute/sync[39m
[35m[HTTP][39m [90m{"script":"mobile: source","args":[{"format":"xml","excludedAttributes":"visible"}]}[39m
[35m[HTTP][39m [37m<-- POST /wd/hub/session/bee273bd-6a2c-4cf8-864c-e9b635239267/execute/sync [39m[32m200[39m [90m182 ms - 3450[39m
[35m[HTTP][39m [90m[39m
[35m[HTTP][39m [37m-->[39m [37mGET[39m [37m/wd/hub/session/bee273bd-6a2c-4cf8-864c-e9b635239267/screenshot[39m
[35m[HTTP][39m [90m{}[39m
[35m[HTTP][39m [37m<-- GET /wd/hub/session/bee273bd-6a2c-4cf8-864c-e9b635239267/screenshot [39m[32m200[39m [90m55 ms - 227172[39m
[35m[HTTP][39m [90m[39m
[35m[HTTP][39m [37m-->[39m [37mPOST[39m [37m/wd/hub/session/bee273bd-6a2c-4cf8-864c-e9b635239267/element[39m
[35m[HTTP][39m [90m{"using":"xpath","value":"//*[@type = 'XCUIElementTypeButton' and @label = 'Start' and @name = 'Start']"}[39m
[35m[HTTP][39m [37m<-- POST /wd/hub/session/bee273bd-6a2c-4cf8-864c-e9b635239267/element [39m[32m200[39m [90m133 ms - 137[39m
[35m[HTTP][39m [90m[39m
[35m[HTTP][39m [37m-->[39m [37mGET[39m [37m/wd/hub/session/bee273bd-6a2c-4cf8-864c-e9b635239267/window/rect[39m
[35m[HTTP][39m [90m{}[39m
[35m[HTTP][39m [37m<-- GET /wd/hub/session/bee273bd-6a2c-4cf8-864c-e9b635239267/window/rect [39m[32m200[39m [90m53 ms - 48[39m
[35m[HTTP][39m [90m[39m
[35m[HTTP][39m [37m-->[39m [37mPOST[39m [37m/wd/hub/session/bee273bd-6a2c-4cf8-864c-e9b635239267/elements[39m
[35m[HTTP][39m [90m{"using":"xpath","value":"//*[@type = 'XCUIElementTypeButton' and @label = 'Start' and @name = 'Start']"}[39m
[35m[HTTP][39m [37m<-- POST /wd/hub/session/bee273bd-6a2c-4cf8-864c-e9b635239267/elements [39m[32m200[39m [90m101 ms - 139[39m
[35m[HTTP][39m [90m[39m
[35m[HTTP][39m [37m-->[39m [37mGET[39m [37m/wd/hub/session/bee273bd-6a2c-4cf8-864c-e9b635239267/element/43000000-0000-0000-F91D-000000000000/location[39m
[35m[HTTP][39m [90m{}[39m
[35m[HTTP][39m [37m<-- GET /wd/hub/session/bee273bd-6a2c-4cf8-864c-e9b635239267/element/43000000-0000-0000-F91D-000000000000/location [39m[32m200[39m [90m28 ms - 26[39m
[35m[HTTP][39m [90m[39m
[35m[HTTP][39m [37m-->[39m [37mPOST[39m [37m/wd/hub/session/bee273bd-6a2c-4cf8-864c-e9b635239267/touch/perform[39m
[35m[HTTP][39m [90m{"actions":[{"action":"press","options":{"x":160,"y":284}},{"action":"wait","options":{"ms":500}},{"action":"moveTo","options":{"x":160,"y":142}},{"action":"release","options":{}}]}[39m
[35m[HTTP][39m [37m<-- POST /wd/hub/session/bee273bd-6a2c-4cf8-864c-e9b635239267/touch/perform [39m[32m200[39m [90m584 ms - 14[39m
[35m[HTTP][39m [90m[39m
[35m[HTTP][39m [37m-->[39m [37mPOST[39m [37m/wd/hub/session/bee273bd-6a2c-4cf8-864c-e9b635239267/elements[39m
[35m[HTTP][39m [90m{"using":"xpath","value":"//*[@type = 'XCUIElementTypeButton' and @label = 'Start' and @name = 'Start']"}[39m
[35m[HTTP][39m [37m<-- POST /wd/hub/session/bee273bd-6a2c-4cf8-864c-e9b635239267/elements [39m[32m200[39m [90m126 ms - 139[39m
[35m[HTTP][39m [90m[39m
[35m[HTTP][39m [37m-->[39m [37mGET[39m [37m/wd/hub/session/bee273bd-6a2c-4cf8-864c-e9b635239267/element/43000000-0000-0000-F91D-000000000000/location[39m
[35m[HTTP][39m [90m{}[39m
[35m[HTTP][39m [37m<-- GET /wd/hub/session/bee273bd-6a2c-4cf8-864c-e9b635239267/element/43000000-0000-0000-F91D-000000000000/location [39m[32m200[39m [90m24 ms - 26[39m
[35m[HTTP][39m [90m[39m
[35m[HTTP][39m [37m-->[39m [37mPOST[39m [37m/wd/hub/session/bee273bd-6a2c-4cf8-864c-e9b635239267/touch/perform[39m
[35m[HTTP][39m [90m{"actions":[{"action":"press","options":{"x":160,"y":284}},{"action":"wait","options":{"ms":500}},{"action":"moveTo","options":{"x":160,"y":142}},{"action":"release","options":{}}]}[39m
[35m[HTTP][39m [37m<-- POST /wd/hub/session/bee273bd-6a2c-4cf8-864c-e9b635239267/touch/perform [39m[32m200[39m [90m567 ms - 14[39m
[35m[HTTP][39m [90m[39m
[35m[HTTP][39m [37m-->[39m [37mPOST[39m [37m/wd/hub/session/bee273bd-6a2c-4cf8-864c-e9b635239267/elements[39m
[35m[HTTP][39m [90m{"using":"xpath","value":"//*[@type = 'XCUIElementTypeButton' and @label = 'Start' and @name = 'Start']"}[39m
[35m[HTTP][39m [37m<-- POST /wd/hub/session/bee273bd-6a2c-4cf8-864c-e9b635239267/elements [39m[32m200[39m [90m124 ms - 139[39m
[35m[HTTP][39m [90m[39m
[35m[HTTP][39m [37m-->[39m [37mGET[39m [37m/wd/hub/session/bee273bd-6a2c-4cf8-864c-e9b635239267/element/43000000-0000-0000-F91D-000000000000/location[39m
[35m[HTTP][39m [90m{}[39m
[35m[HTTP][39m [37m<-- GET /wd/hub/session/bee273bd-6a2c-4cf8-864c-e9b635239267/element/43000000-0000-0000-F91D-000000000000/location [39m[32m200[39m [90m22 ms - 26[39m
[35m[HTTP][39m [90m[39m
[35m[HTTP][39m [37m-->[39m [37mPOST[39m [37m/wd/hub/session/bee273bd-6a2c-4cf8-864c-e9b635239267/touch/perform[39m
[35m[HTTP][39m [90m{"actions":[{"action":"press","options":{"x":160,"y":284}},{"action":"wait","options":{"ms":500}},{"action":"moveTo","options":{"x":160,"y":142}},{"action":"release","options":{}}]}[39m
[35m[HTTP][39m [37m<-- POST /wd/hub/session/bee273bd-6a2c-4cf8-864c-e9b635239267/touch/perform [39m[32m200[39m [90m561 ms - 14[39m
[35m[HTTP][39m [90m[39m
[35m[HTTP][39m [37m-->[39m [37mPOST[39m [37m/wd/hub/session/bee273bd-6a2c-4cf8-864c-e9b635239267/elements[39m
[35m[HTTP][39m [90m{"using":"xpath","value":"//*[@type = 'XCUIElementTypeButton' and @label = 'Start' and @name = 'Start']"}[39m
[35m[HTTP][39m [37m<-- POST /wd/hub/session/bee273bd-6a2c-4cf8-864c-e9b635239267/elements [39m[32m200[39m [90m127 ms - 139[39m
[35m[HTTP][39m [90m[39m
[35m[HTTP][39m [37m-->[39m [37mGET[39m [37m/wd/hub/session/bee273bd-6a2c-4cf8-864c-e9b635239267/element/43000000-0000-0000-F91D-000000000000/location[39m
[35m[HTTP][39m [90m{}[39m
[35m[HTTP][39m [37m<-- GET /wd/hub/session/bee273bd-6a2c-4cf8-864c-e9b635239267/element/43000000-0000-0000-F91D-000000000000/location [39m[32m200[39m [90m21 ms - 26[39m
[35m[HTTP][39m [90m[39m
[35m[HTTP][39m [37m-->[39m [37mPOST[39m [37m/wd/hub/session/bee273bd-6a2c-4cf8-864c-e9b635239267/touch/perform[39m
[35m[HTTP][39m [90m{"actions":[{"action":"press","options":{"x":160,"y":284}},{"action":"wait","options":{"ms":500}},{"action":"moveTo","options":{"x":160,"y":142}},{"action":"release","options":{}}]}[39m
[35m[HTTP][39m [37m<-- POST /wd/hub/session/bee273bd-6a2c-4cf8-864c-e9b635239267/touch/perform [39m[32m200[39m [90m561 ms - 14[39m
[35m[HTTP][39m [90m[39m
[35m[HTTP][39m [37m-->[39m [37mPOST[39m [37m/wd/hub/session/bee273bd-6a2c-4cf8-864c-e9b635239267/elements[39m
[35m[HTTP][39m [90m{"using":"xpath","value":"//*[@type = 'XCUIElementTypeButton' and @label = 'Start' and @name = 'Start']"}[39m
[35m[HTTP][39m [37m<-- POST /wd/hub/session/bee273bd-6a2c-4cf8-864c-e9b635239267/elements [39m[32m200[39m [90m150 ms - 139[39m
[35m[HTTP][39m [90m[39m
[35m[HTTP][39m [37m-->[39m [37mGET[39m [37m/wd/hub/session/bee273bd-6a2c-4cf8-864c-e9b635239267/element/43000000-0000-0000-F91D-000000000000/location[39m
[35m[HTTP][39m [90m{}[39m
[35m[HTTP][39m [37m<-- GET /wd/hub/session/bee273bd-6a2c-4cf8-864c-e9b635239267/element/43000000-0000-0000-F91D-000000000000/location [39m[32m200[39m [90m24 ms - 26[39m
[35m[HTTP][39m [90m[39m
[35m[HTTP][39m [37m-->[39m [37mPOST[39m [37m/wd/hub/session/bee273bd-6a2c-4cf8-864c-e9b635239267/touch/perform[39m
[35m[HTTP][39m [90m{"actions":[{"action":"press","options":{"x":160,"y":284}},{"action":"wait","options":{"ms":500}},{"action":"moveTo","options":{"x":160,"y":142}},{"action":"release","options":{}}]}[39m
[35m[HTTP][39m [37m<-- POST /wd/hub/session/bee273bd-6a2c-4cf8-864c-e9b635239267/touch/perform [39m[32m200[39m [90m576 ms - 14[39m
[35m[HTTP][39m [90m[39m
[35m[HTTP][39m [37m-->[39m [37mPOST[39m [37m/wd/hub/session/bee273bd-6a2c-4cf8-864c-e9b635239267/elements[39m
[35m[HTTP][39m [90m{"using":"xpath","value":"//*[@type = 'XCUIElementTypeButton' and @label = 'Start' and @name = 'Start']"}[39m
[35m[HTTP][39m [37m<-- POST /wd/hub/session/bee273bd-6a2c-4cf8-864c-e9b635239267/elements [39m[32m200[39m [90m127 ms - 139[39m
[35m[HTTP][39m [90m[39m
[35m[HTTP][39m [37m-->[39m [37mGET[39m [37m/wd/hub/session/bee273bd-6a2c-4cf8-864c-e9b635239267/element/43000000-0000-0000-F91D-000000000000/location[39m
[35m[HTTP][39m [90m{}[39m
[35m[HTTP][39m [37m<-- GET /wd/hub/session/bee273bd-6a2c-4cf8-864c-e9b635239267/element/43000000-0000-0000-F91D-000000000000/location [39m[32m200[39m [90m24 ms - 26[39m
[35m[HTTP][39m [90m[39m
[35m[HTTP][39m [37m-->[39m [37mPOST[39m [37m/wd/hub/session/bee273bd-6a2c-4cf8-864c-e9b635239267/touch/perform[39m
[35m[HTTP][39m [90m{"actions":[{"action":"press","options":{"x":160,"y":284}},{"action":"wait","options":{"ms":500}},{"action":"moveTo","options":{"x":160,"y":142}},{"action":"release","options":{}}]}[39m
[35m[HTTP][39m [37m<-- POST /wd/hub/session/bee273bd-6a2c-4cf8-864c-e9b635239267/touch/perform [39m[32m200[39m [90m574 ms - 14[39m
[35m[HTTP][39m [90m[39m
[35m[HTTP][39m [37m-->[39m [37mPOST[39m [37m/wd/hub/session/bee273bd-6a2c-4cf8-864c-e9b635239267/elements[39m
[35m[HTTP][39m [90m{"using":"xpath","value":"//*[@type = 'XCUIElementTypeButton' and @label = 'Start' and @name = 'Start']"}[39m
[35m[HTTP][39m [37m<-- POST /wd/hub/session/bee273bd-6a2c-4cf8-864c-e9b635239267/elements [39m[32m200[39m [90m123 ms - 139[39m
[35m[HTTP][39m [90m[39m
[35m[HTTP][39m [37m-->[39m [37mGET[39m [37m/wd/hub/session/bee273bd-6a2c-4cf8-864c-e9b635239267/element/43000000-0000-0000-F91D-000000000000/location[39m
[35m[HTTP][39m [90m{}[39m
[35m[HTTP][39m [37m<-- GET /wd/hub/session/bee273bd-6a2c-4cf8-864c-e9b635239267/element/43000000-0000-0000-F91D-000000000000/location [39m[32m200[39m [90m21 ms - 26[39m
[35m[HTTP][39m [90m[39m
[35m[HTTP][39m [37m-->[39m [37mPOST[39m [37m/wd/hub/session/bee273bd-6a2c-4cf8-864c-e9b635239267/touch/perform[39m
[35m[HTTP][39m [90m{"actions":[{"action":"press","options":{"x":160,"y":284}},{"action":"wait","options":{"ms":500}},{"action":"moveTo","options":{"x":160,"y":142}},{"action":"release","options":{}}]}[39m
[35m[HTTP][39m [37m<-- POST /wd/hub/session/bee273bd-6a2c-4cf8-864c-e9b635239267/touch/perform [39m[32m200[39m [90m564 ms - 14[39m
[35m[HTTP][39m [90m[39m
[35m[HTTP][39m [37m-->[39m [37mPOST[39m [37m/wd/hub/session/bee273bd-6a2c-4cf8-864c-e9b635239267/elements[39m
[35m[HTTP][39m [90m{"using":"xpath","value":"//*[@type = 'XCUIElementTypeButton' and @label = 'Start' and @name = 'Start']"}[39m
[35m[HTTP][39m [37m<-- POST /wd/hub/session/bee273bd-6a2c-4cf8-864c-e9b635239267/elements [39m[32m200[39m [90m123 ms - 139[39m
[35m[HTTP][39m [90m[39m
[35m[HTTP][39m [37m-->[39m [37mGET[39m [37m/wd/hub/session/bee273bd-6a2c-4cf8-864c-e9b635239267/element/43000000-0000-0000-F91D-000000000000/location[39m
[35m[HTTP][39m [90m{}[39m
[35m[HTTP][39m [37m<-- GET /wd/hub/session/bee273bd-6a2c-4cf8-864c-e9b635239267/element/43000000-0000-0000-F91D-000000000000/location [39m[32m200[39m [90m23 ms - 26[39m
[35m[HTTP][39m [90m[39m
[35m[HTTP][39m [37m-->[39m [37mPOST[39m [37m/wd/hub/session/bee273bd-6a2c-4cf8-864c-e9b635239267/touch/perform[39m
[35m[HTTP][39m [90m{"actions":[{"action":"press","options":{"x":160,"y":284}},{"action":"wait","options":{"ms":500}},{"action":"moveTo","options":{"x":160,"y":142}},{"action":"release","options":{}}]}[39m
[35m[HTTP][39m [37m<-- POST /wd/hub/session/bee273bd-6a2c-4cf8-864c-e9b635239267/touch/perform [39m[32m200[39m [90m560 ms - 14[39m
[35m[HTTP][39m [90m[39m
[35m[HTTP][39m [37m-->[39m [37mPOST[39m [37m/wd/hub/session/bee273bd-6a2c-4cf8-864c-e9b635239267/elements[39m
[35m[HTTP][39m [90m{"using":"xpath","value":"//*[@type = 'XCUIElementTypeButton' and @label = 'Start' and @name = 'Start']"}[39m
[35m[HTTP][39m [37m<-- POST /wd/hub/session/bee273bd-6a2c-4cf8-864c-e9b635239267/elements [39m[32m200[39m [90m124 ms - 139[39m
[35m[HTTP][39m [90m[39m
[35m[HTTP][39m [37m-->[39m [37mGET[39m [37m/wd/hub/session/bee273bd-6a2c-4cf8-864c-e9b635239267/element/43000000-0000-0000-F91D-000000000000/location[39m
[35m[HTTP][39m [90m{}[39m
[35m[HTTP][39m [37m<-- GET /wd/hub/session/bee273bd-6a2c-4cf8-864c-e9b635239267/element/43000000-0000-0000-F91D-000000000000/location [39m[32m200[39m [90m22 ms - 26[39m
[35m[HTTP][39m [90m[39m
[35m[HTTP][39m [37m-->[39m [37mPOST[39m [37m/wd/hub/session/bee273bd-6a2c-4cf8-864c-e9b635239267/touch/perform[39m
[35m[HTTP][39m [90m{"actions":[{"action":"press","options":{"x":160,"y":284}},{"action":"wait","options":{"ms":500}},{"action":"moveTo","options":{"x":160,"y":142}},{"action":"release","options":{}}]}[39m
[35m[HTTP][39m [37m<-- POST /wd/hub/session/bee273bd-6a2c-4cf8-864c-e9b635239267/touch/perform [39m[32m200[39m [90m558 ms - 14[39m
[35m[HTTP][39m [90m[39m
[35m[HTTP][39m [37m-->[39m [37mPOST[39m [37m/wd/hub/session/bee273bd-6a2c-4cf8-864c-e9b635239267/elements[39m
[35m[HTTP][39m [90m{"using":"xpath","value":"//*[@type = 'XCUIElementTypeButton' and @label = 'Start' and @name = 'Start']"}[39m
[35m[HTTP][39m [37m<-- POST /wd/hub/session/bee273bd-6a2c-4cf8-864c-e9b635239267/elements [39m[32m200[39m [90m121 ms - 139[39m
[35m[HTTP][39m [90m[39m
[35m[HTTP][39m [37m-->[39m [37mGET[39m [37m/wd/hub/session/bee273bd-6a2c-4cf8-864c-e9b635239267/element/43000000-0000-0000-F91D-000000000000/location[39m
[35m[HTTP][39m [90m{}[39m
[35m[HTTP][39m [37m<-- GET /wd/hub/session/bee273bd-6a2c-4cf8-864c-e9b635239267/element/43000000-0000-0000-F91D-000000000000/location [39m[32m200[39m [90m19 ms - 26[39m
[35m[HTTP][39m [90m[39m
[35m[HTTP][39m [37m-->[39m [37mPOST[39m [37m/wd/hub/session/bee273bd-6a2c-4cf8-864c-e9b635239267/touch/perform[39m
[35m[HTTP][39m [90m{"actions":[{"action":"press","options":{"x":160,"y":284}},{"action":"wait","options":{"ms":500}},{"action":"moveTo","options":{"x":160,"y":142}},{"action":"release","options":{}}]}[39m
[35m[HTTP][39m [37m<-- POST /wd/hub/session/bee273bd-6a2c-4cf8-864c-e9b635239267/touch/perform [39m[32m200[39m [90m565 ms - 14[39m
[35m[HTTP][39m [90m[39m
[35m[HTTP][39m [37m-->[39m [37mPOST[39m [37m/wd/hub/session/bee273bd-6a2c-4cf8-864c-e9b635239267/elements[39m
[35m[HTTP][39m [90m{"using":"xpath","value":"//*[@type = 'XCUIElementTypeButton' and @label = 'Start' and @name = 'Start']"}[39m
[35m[HTTP][39m [37m<-- POST /wd/hub/session/bee273bd-6a2c-4cf8-864c-e9b635239267/elements [39m[32m200[39m [90m125 ms - 139[39m
[35m[HTTP][39m [90m[39m
[35m[HTTP][39m [37m-->[39m [37mGET[39m [37m/wd/hub/session/bee273bd-6a2c-4cf8-864c-e9b635239267/element/43000000-0000-0000-F91D-000000000000/location[39m
[35m[HTTP][39m [90m{}[39m
[35m[HTTP][39m [37m<-- GET /wd/hub/session/bee273bd-6a2c-4cf8-864c-e9b635239267/element/43000000-0000-0000-F91D-000000000000/location [39m[32m200[39m [90m17 ms - 26[39m
[35m[HTTP][39m [90m[39m
[35m[HTTP][39m [37m-->[39m [37mPOST[39m [37m/wd/hub/session/bee273bd-6a2c-4cf8-864c-e9b635239267/touch/perform[39m
[35m[HTTP][39m [90m{"actions":[{"action":"press","options":{"x":160,"y":284}},{"action":"wait","options":{"ms":500}},{"action":"moveTo","options":{"x":160,"y":142}},{"action":"release","options":{}}]}[39m
[35m[HTTP][39m [37m<-- POST /wd/hub/session/bee273bd-6a2c-4cf8-864c-e9b635239267/touch/perform [39m[32m200[39m [90m558 ms - 14[39m
[35m[HTTP][39m [90m[39m
[35m[HTTP][39m [37m-->[39m [37mPOST[39m [37m/wd/hub/session/bee273bd-6a2c-4cf8-864c-e9b635239267/elements[39m
[35m[HTTP][39m [90m{"using":"xpath","value":"//*[@type = 'XCUIElementTypeButton' and @label = 'Start' and @name = 'Start']"}[39m
[35m[HTTP][39m [37m<-- POST /wd/hub/session/bee273bd-6a2c-4cf8-864c-e9b635239267/elements [39m[32m200[39m [90m125 ms - 139[39m
[35m[HTTP][39m [90m[39m
[35m[HTTP][39m [37m-->[39m [37mGET[39m [37m/wd/hub/session/bee273bd-6a2c-4cf8-864c-e9b635239267/element/43000000-0000-0000-F91D-000000000000/location[39m
[35m[HTTP][39m [90m{}[39m
[35m[HTTP][39m [37m<-- GET /wd/hub/session/bee273bd-6a2c-4cf8-864c-e9b635239267/element/43000000-0000-0000-F91D-000000000000/location [39m[32m200[39m [90m18 ms - 26[39m
[35m[HTTP][39m [90m[39m
[35m[HTTP][39m [37m-->[39m [37mPOST[39m [37m/wd/hub/session/bee273bd-6a2c-4cf8-864c-e9b635239267/touch/perform[39m
[35m[HTTP][39m [90m{"actions":[{"action":"press","options":{"x":160,"y":284}},{"action":"wait","options":{"ms":500}},{"action":"moveTo","options":{"x":160,"y":142}},{"action":"release","options":{}}]}[39m
[35m[HTTP][39m [37m<-- POST /wd/hub/session/bee273bd-6a2c-4cf8-864c-e9b635239267/touch/perform [39m[32m200[39m [90m594 ms - 14[39m
[35m[HTTP][39m [90m[39m
[35m[HTTP][39m [37m-->[39m [37mPOST[39m [37m/wd/hub/session/bee273bd-6a2c-4cf8-864c-e9b635239267/elements[39m
[35m[HTTP][39m [90m{"using":"xpath","value":"//*[@type = 'XCUIElementTypeButton' and @label = 'Start' and @name = 'Start']"}[39m
[35m[HTTP][39m [37m<-- POST /wd/hub/session/bee273bd-6a2c-4cf8-864c-e9b635239267/elements [39m[32m200[39m [90m121 ms - 139[39m
[35m[HTTP][39m [90m[39m
[35m[HTTP][39m [37m-->[39m [37mGET[39m [37m/wd/hub/session/bee273bd-6a2c-4cf8-864c-e9b635239267/element/43000000-0000-0000-F91D-000000000000/location[39m
[35m[HTTP][39m [90m{}[39m
[35m[HTTP][39m [37m<-- GET /wd/hub/session/bee273bd-6a2c-4cf8-864c-e9b635239267/element/43000000-0000-0000-F91D-000000000000/location [39m[32m200[39m [90m44 ms - 26[39m
[35m[HTTP][39m [90m[39m
[35m[HTTP][39m [37m-->[39m [37mPOST[39m [37m/wd/hub/session/bee273bd-6a2c-4cf8-864c-e9b635239267/touch/perform[39m
[35m[HTTP][39m [90m{"actions":[{"action":"press","options":{"x":160,"y":284}},{"action":"wait","options":{"ms":500}},{"action":"moveTo","options":{"x":160,"y":142}},{"action":"release","options":{}}]}[39m
[35m[HTTP][39m [37m<-- POST /wd/hub/session/bee273bd-6a2c-4cf8-864c-e9b635239267/touch/perform [39m[32m200[39m [90m575 ms - 14[39m
[35m[HTTP][39m [90m[39m
[35m[HTTP][39m [37m-->[39m [37mPOST[39m [37m/wd/hub/session/bee273bd-6a2c-4cf8-864c-e9b635239267/elements[39m
[35m[HTTP][39m [90m{"using":"xpath","value":"//*[@type = 'XCUIElementTypeButton' and @label = 'Start' and @name = 'Start']"}[39m
[35m[HTTP][39m [37m<-- POST /wd/hub/session/bee273bd-6a2c-4cf8-864c-e9b635239267/elements [39m[32m200[39m [90m129 ms - 139[39m
[35m[HTTP][39m [90m[39m
[35m[HTTP][39m [37m-->[39m [37mGET[39m [37m/wd/hub/session/bee273bd-6a2c-4cf8-864c-e9b635239267/element/43000000-0000-0000-F91D-000000000000/location[39m
[35m[HTTP][39m [90m{}[39m
[35m[HTTP][39m [37m<-- GET /wd/hub/session/bee273bd-6a2c-4cf8-864c-e9b635239267/element/43000000-0000-0000-F91D-000000000000/location [39m[32m200[39m [90m29 ms - 26[39m
[35m[HTTP][39m [90m[39m
[35m[HTTP][39m [37m-->[39m [37mPOST[39m [37m/wd/hub/session/bee273bd-6a2c-4cf8-864c-e9b635239267/touch/perform[39m
[35m[HTTP][39m [90m{"actions":[{"action":"press","options":{"x":160,"y":284}},{"action":"wait","options":{"ms":500}},{"action":"moveTo","options":{"x":160,"y":142}},{"action":"release","options":{}}]}[39m
[35m[HTTP][39m [37m<-- POST /wd/hub/session/bee273bd-6a2c-4cf8-864c-e9b635239267/touch/perform [39m[32m200[39m [90m563 ms - 14[39m
[35m[HTTP][39m [90m[39m
[35m[HTTP][39m [37m-->[39m [37mPOST[39m [37m/wd/hub/session/bee273bd-6a2c-4cf8-864c-e9b635239267/element/43000000-0000-0000-F91D-000000000000/click[39m
[35m[HTTP][39m [90m{"id":"43000000-0000-0000-F91D-000000000000"}[39m
[35m[W3C (bee273bd)][39m Driver proxy active, passing request on via HTTP proxy
[35m[WD Proxy][39m Replacing sessionId 39BEC1D7-5D4B-47B7-96D3-C85851DC79B5 with bee273bd-6a2c-4cf8-864c-e9b635239267
[35m[HTTP][39m [37m<-- POST /wd/hub/session/bee273bd-6a2c-4cf8-864c-e9b635239267/element/43000000-0000-0000-F91D-000000000000/click [39m[32m200[39m [90m183 ms - 65[39m
[35m[HTTP][39m [90m[39m
[35m[HTTP][39m [37m-->[39m [37mPOST[39m [37m/wd/hub/session/bee273bd-6a2c-4cf8-864c-e9b635239267/execute/sync[39m
[35m[HTTP][39m [90m{"script":"mobile: source","args":[{"format":"xml","excludedAttributes":"visible"}]}[39m
[35m[HTTP][39m [37m<-- POST /wd/hub/session/bee273bd-6a2c-4cf8-864c-e9b635239267/execute/sync [39m[32m200[39m [90m181 ms - 3251[39m
[35m[HTTP][39m [90m[39m
[35m[HTTP][39m [37m-->[39m [37mGET[39m [37m/wd/hub/session/bee273bd-6a2c-4cf8-864c-e9b635239267/screenshot[39m
[35m[HTTP][39m [90m{}[39m
[35m[HTTP][39m [37m<-- GET /wd/hub/session/bee273bd-6a2c-4cf8-864c-e9b635239267/screenshot [39m[32m200[39m [90m49 ms - 210260[39m
[35m[HTTP][39m [90m[39m
[35m[HTTP][39m [37m-->[39m [37mPOST[39m [37m/wd/hub/session/bee273bd-6a2c-4cf8-864c-e9b635239267/element[39m
[35m[HTTP][39m [90m{"using":"xpath","value":"//*[@type = 'XCUIElementTypeButton' and @label = 'Stop' and @name = 'Stop']"}[39m
[35m[HTTP][39m [37m<-- POST /wd/hub/session/bee273bd-6a2c-4cf8-864c-e9b635239267/element [39m[32m200[39m [90m105 ms - 137[39m
[35m[HTTP][39m [90m[39m
[35m[HTTP][39m [37m-->[39m [37mGET[39m [37m/wd/hub/session/bee273bd-6a2c-4cf8-864c-e9b635239267/window/rect[39m
[35m[HTTP][39m [90m{}[39m
[35m[HTTP][39m [37m<-- GET /wd/hub/session/bee273bd-6a2c-4cf8-864c-e9b635239267/window/rect [39m[32m200[39m [90m22 ms - 48[39m
[35m[HTTP][39m [90m[39m
[35m[HTTP][39m [37m-->[39m [37mPOST[39m [37m/wd/hub/session/bee273bd-6a2c-4cf8-864c-e9b635239267/elements[39m
[35m[HTTP][39m [90m{"using":"xpath","value":"//*[@type = 'XCUIElementTypeButton' and @label = 'Stop' and @name = 'Stop']"}[39m
[35m[HTTP][39m [37m<-- POST /wd/hub/session/bee273bd-6a2c-4cf8-864c-e9b635239267/elements [39m[32m200[39m [90m85 ms - 139[39m
[35m[HTTP][39m [90m[39m
[35m[HTTP][39m [37m-->[39m [37mGET[39m [37m/wd/hub/session/bee273bd-6a2c-4cf8-864c-e9b635239267/element/43000000-0000-0000-F91D-000000000000/location[39m
[35m[HTTP][39m [90m{}[39m
[35m[HTTP][39m [37m<-- GET /wd/hub/session/bee273bd-6a2c-4cf8-864c-e9b635239267/element/43000000-0000-0000-F91D-000000000000/location [39m[32m200[39m [90m17 ms - 26[39m
[35m[HTTP][39m [90m[39m
[35m[HTTP][39m [37m-->[39m [37mPOST[39m [37m/wd/hub/session/bee273bd-6a2c-4cf8-864c-e9b635239267/touch/perform[39m
[35m[HTTP][39m [90m{"actions":[{"action":"press","options":{"x":160,"y":284}},{"action":"wait","options":{"ms":500}},{"action":"moveTo","options":{"x":160,"y":142}},{"action":"release","options":{}}]}[39m
[35m[HTTP][39m [37m<-- POST /wd/hub/session/bee273bd-6a2c-4cf8-864c-e9b635239267/touch/perform [39m[32m200[39m [90m548 ms - 14[39m
[35m[HTTP][39m [90m[39m
[35m[HTTP][39m [37m-->[39m [37mPOST[39m [37m/wd/hub/session/bee273bd-6a2c-4cf8-864c-e9b635239267/elements[39m
[35m[HTTP][39m [90m{"using":"xpath","value":"//*[@type = 'XCUIElementTypeButton' and @label = 'Stop' and @name = 'Stop']"}[39m
[35m[HTTP][39m [37m<-- POST /wd/hub/session/bee273bd-6a2c-4cf8-864c-e9b635239267/elements [39m[32m200[39m [90m114 ms - 139[39m
[35m[HTTP][39m [90m[39m
[35m[HTTP][39m [37m-->[39m [37mGET[39m [37m/wd/hub/session/bee273bd-6a2c-4cf8-864c-e9b635239267/element/43000000-0000-0000-F91D-000000000000/location[39m
[35m[HTTP][39m [90m{}[39m
[35m[HTTP][39m [37m<-- GET /wd/hub/session/bee273bd-6a2c-4cf8-864c-e9b635239267/element/43000000-0000-0000-F91D-000000000000/location [39m[32m200[39m [90m18 ms - 26[39m
[35m[HTTP][39m [90m[39m
[35m[HTTP][39m [37m-->[39m [37mPOST[39m [37m/wd/hub/session/bee273bd-6a2c-4cf8-864c-e9b635239267/touch/perform[39m
[35m[HTTP][39m [90m{"actions":[{"action":"press","options":{"x":160,"y":284}},{"action":"wait","options":{"ms":500}},{"action":"moveTo","options":{"x":160,"y":142}},{"action":"release","options":{}}]}[39m
[35m[HTTP][39m [37m<-- POST /wd/hub/session/bee273bd-6a2c-4cf8-864c-e9b635239267/touch/perform [39m[32m200[39m [90m552 ms - 14[39m
[35m[HTTP][39m [90m[39m
[35m[HTTP][39m [37m-->[39m [37mPOST[39m [37m/wd/hub/session/bee273bd-6a2c-4cf8-864c-e9b635239267/elements[39m
[35m[HTTP][39m [90m{"using":"xpath","value":"//*[@type = 'XCUIElementTypeButton' and @label = 'Stop' and @name = 'Stop']"}[39m
[35m[HTTP][39m [37m<-- POST /wd/hub/session/bee273bd-6a2c-4cf8-864c-e9b635239267/elements [39m[32m200[39m [90m123 ms - 139[39m
[35m[HTTP][39m [90m[39m
[35m[HTTP][39m [37m-->[39m [37mGET[39m [37m/wd/hub/session/bee273bd-6a2c-4cf8-864c-e9b635239267/element/43000000-0000-0000-F91D-000000000000/location[39m
[35m[HTTP][39m [90m{}[39m
[35m[HTTP][39m [37m<-- GET /wd/hub/session/bee273bd-6a2c-4cf8-864c-e9b635239267/element/43000000-0000-0000-F91D-000000000000/location [39m[32m200[39m [90m18 ms - 26[39m
[35m[HTTP][39m [90m[39m
[35m[HTTP][39m [37m-->[39m [37mPOST[39m [37m/wd/hub/session/bee273bd-6a2c-4cf8-864c-e9b635239267/touch/perform[39m
[35m[HTTP][39m [90m{"actions":[{"action":"press","options":{"x":160,"y":284}},{"action":"wait","options":{"ms":500}},{"action":"moveTo","options":{"x":160,"y":142}},{"action":"release","options":{}}]}[39m
[35m[HTTP][39m [37m<-- POST /wd/hub/session/bee273bd-6a2c-4cf8-864c-e9b635239267/touch/perform [39m[32m200[39m [90m555 ms - 14[39m
[35m[HTTP][39m [90m[39m
[35m[HTTP][39m [37m-->[39m [37mPOST[39m [37m/wd/hub/session/bee273bd-6a2c-4cf8-864c-e9b635239267/elements[39m
[35m[HTTP][39m [90m{"using":"xpath","value":"//*[@type = 'XCUIElementTypeButton' and @label = 'Stop' and @name = 'Stop']"}[39m
[35m[HTTP][39m [37m<-- POST /wd/hub/session/bee273bd-6a2c-4cf8-864c-e9b635239267/elements [39m[32m200[39m [90m129 ms - 139[39m
[35m[HTTP][39m [90m[39m
[35m[HTTP][39m [37m-->[39m [37mGET[39m [37m/wd/hub/session/bee273bd-6a2c-4cf8-864c-e9b635239267/element/43000000-0000-0000-F91D-000000000000/location[39m
[35m[HTTP][39m [90m{}[39m
[35m[HTTP][39m [37m<-- GET /wd/hub/session/bee273bd-6a2c-4cf8-864c-e9b635239267/element/43000000-0000-0000-F91D-000000000000/location [39m[32m200[39m [90m18 ms - 26[39m
[35m[HTTP][39m [90m[39m
[35m[HTTP][39m [37m-->[39m [37mPOST[39m [37m/wd/hub/session/bee273bd-6a2c-4cf8-864c-e9b635239267/touch/perform[39m
[35m[HTTP][39m [90m{"actions":[{"action":"press","options":{"x":160,"y":284}},{"action":"wait","options":{"ms":500}},{"action":"moveTo","options":{"x":160,"y":142}},{"action":"release","options":{}}]}[39m
[35m[HTTP][39m [37m<-- POST /wd/hub/session/bee273bd-6a2c-4cf8-864c-e9b635239267/touch/perform [39m[32m200[39m [90m551 ms - 14[39m
[35m[HTTP][39m [90m[39m
[35m[HTTP][39m [37m-->[39m [37mPOST[39m [37m/wd/hub/session/bee273bd-6a2c-4cf8-864c-e9b635239267/elements[39m
[35m[HTTP][39m [90m{"using":"xpath","value":"//*[@type = 'XCUIElementTypeButton' and @label = 'Stop' and @name = 'Stop']"}[39m
[35m[HTTP][39m [37m<-- POST /wd/hub/session/bee273bd-6a2c-4cf8-864c-e9b635239267/elements [39m[32m200[39m [90m119 ms - 139[39m
[35m[HTTP][39m [90m[39m
[35m[HTTP][39m [37m-->[39m [37mGET[39m [37m/wd/hub/session/bee273bd-6a2c-4cf8-864c-e9b635239267/element/43000000-0000-0000-F91D-000000000000/location[39m
[35m[HTTP][39m [90m{}[39m
[35m[HTTP][39m [37m<-- GET /wd/hub/session/bee273bd-6a2c-4cf8-864c-e9b635239267/element/43000000-0000-0000-F91D-000000000000/location [39m[32m200[39m [90m17 ms - 26[39m
[35m[HTTP][39m [90m[39m
[35m[HTTP][39m [37m-->[39m [37mPOST[39m [37m/wd/hub/session/bee273bd-6a2c-4cf8-864c-e9b635239267/touch/perform[39m
[35m[HTTP][39m [90m{"actions":[{"action":"press","options":{"x":160,"y":284}},{"action":"wait","options":{"ms":500}},{"action":"moveTo","options":{"x":160,"y":142}},{"action":"release","options":{}}]}[39m
[35m[HTTP][39m [37m<-- POST /wd/hub/session/bee273bd-6a2c-4cf8-864c-e9b635239267/touch/perform [39m[32m200[39m [90m567 ms - 14[39m
[35m[HTTP][39m [90m[39m
[35m[HTTP][39m [37m-->[39m [37mPOST[39m [37m/wd/hub/session/bee273bd-6a2c-4cf8-864c-e9b635239267/elements[39m
[35m[HTTP][39m [90m{"using":"xpath","value":"//*[@type = 'XCUIElementTypeButton' and @label = 'Stop' and @name = 'Stop']"}[39m
[35m[HTTP][39m [37m<-- POST /wd/hub/session/bee273bd-6a2c-4cf8-864c-e9b635239267/elements [39m[32m200[39m [90m118 ms - 139[39m
[35m[HTTP][39m [90m[39m
[35m[HTTP][39m [37m-->[39m [37mGET[39m [37m/wd/hub/session/bee273bd-6a2c-4cf8-864c-e9b635239267/element/43000000-0000-0000-F91D-000000000000/location[39m
[35m[HTTP][39m [90m{}[39m
[35m[HTTP][39m [37m<-- GET /wd/hub/session/bee273bd-6a2c-4cf8-864c-e9b635239267/element/43000000-0000-0000-F91D-000000000000/location [39m[32m200[39m [90m17 ms - 26[39m
[35m[HTTP][39m [90m[39m
[35m[HTTP][39m [37m-->[39m [37mPOST[39m [37m/wd/hub/session/bee273bd-6a2c-4cf8-864c-e9b635239267/touch/perform[39m
[35m[HTTP][39m [90m{"actions":[{"action":"press","options":{"x":160,"y":284}},{"action":"wait","options":{"ms":500}},{"action":"moveTo","options":{"x":160,"y":142}},{"action":"release","options":{}}]}[39m
[35m[HTTP][39m [37m<-- POST /wd/hub/session/bee273bd-6a2c-4cf8-864c-e9b635239267/touch/perform [39m[32m200[39m [90m565 ms - 14[39m
[35m[HTTP][39m [90m[39m
[35m[HTTP][39m [37m-->[39m [37mPOST[39m [37m/wd/hub/session/bee273bd-6a2c-4cf8-864c-e9b635239267/elements[39m
[35m[HTTP][39m [90m{"using":"xpath","value":"//*[@type = 'XCUIElementTypeButton' and @label = 'Stop' and @name = 'Stop']"}[39m
[35m[HTTP][39m [37m<-- POST /wd/hub/session/bee273bd-6a2c-4cf8-864c-e9b635239267/elements [39m[32m200[39m [90m123 ms - 139[39m
[35m[HTTP][39m [90m[39m
[35m[HTTP][39m [37m-->[39m [37mGET[39m [37m/wd/hub/session/bee273bd-6a2c-4cf8-864c-e9b635239267/element/43000000-0000-0000-F91D-000000000000/location[39m
[35m[HTTP][39m [90m{}[39m
[35m[HTTP][39m [37m<-- GET /wd/hub/session/bee273bd-6a2c-4cf8-864c-e9b635239267/element/43000000-0000-0000-F91D-000000000000/location [39m[32m200[39m [90m18 ms - 26[39m
[35m[HTTP][39m [90m[39m
[35m[HTTP][39m [37m-->[39m [37mPOST[39m [37m/wd/hub/session/bee273bd-6a2c-4cf8-864c-e9b635239267/touch/perform[39m
[35m[HTTP][39m [90m{"actions":[{"action":"press","options":{"x":160,"y":284}},{"action":"wait","options":{"ms":500}},{"action":"moveTo","options":{"x":160,"y":142}},{"action":"release","options":{}}]}[39m
[35m[HTTP][39m [37m<-- POST /wd/hub/session/bee273bd-6a2c-4cf8-864c-e9b635239267/touch/perform [39m[32m200[39m [90m557 ms - 14[39m
[35m[HTTP][39m [90m[39m
[35m[HTTP][39m [37m-->[39m [37mPOST[39m [37m/wd/hub/session/bee273bd-6a2c-4cf8-864c-e9b635239267/elements[39m
[35m[HTTP][39m [90m{"using":"xpath","value":"//*[@type = 'XCUIElementTypeButton' and @label = 'Stop' and @name = 'Stop']"}[39m
[35m[HTTP][39m [37m<-- POST /wd/hub/session/bee273bd-6a2c-4cf8-864c-e9b635239267/elements [39m[32m200[39m [90m107 ms - 139[39m
[35m[HTTP][39m [90m[39m
[35m[HTTP][39m [37m-->[39m [37mGET[39m [37m/wd/hub/session/bee273bd-6a2c-4cf8-864c-e9b635239267/element/43000000-0000-0000-F91D-000000000000/location[39m
[35m[HTTP][39m [90m{}[39m
[35m[HTTP][39m [37m<-- GET /wd/hub/session/bee273bd-6a2c-4cf8-864c-e9b635239267/element/43000000-0000-0000-F91D-000000000000/location [39m[32m200[39m [90m20 ms - 26[39m
[35m[HTTP][39m [90m[39m
[35m[HTTP][39m [37m-->[39m [37mPOST[39m [37m/wd/hub/session/bee273bd-6a2c-4cf8-864c-e9b635239267/touch/perform[39m
[35m[HTTP][39m [90m{"actions":[{"action":"press","options":{"x":160,"y":284}},{"action":"wait","options":{"ms":500}},{"action":"moveTo","options":{"x":160,"y":142}},{"action":"release","options":{}}]}[39m
[35m[HTTP][39m [37m<-- POST /wd/hub/session/bee273bd-6a2c-4cf8-864c-e9b635239267/touch/perform [39m[32m200[39m [90m560 ms - 14[39m
[35m[HTTP][39m [90m[39m
[35m[HTTP][39m [37m-->[39m [37mPOST[39m [37m/wd/hub/session/bee273bd-6a2c-4cf8-864c-e9b635239267/elements[39m
[35m[HTTP][39m [90m{"using":"xpath","value":"//*[@type = 'XCUIElementTypeButton' and @label = 'Stop' and @name = 'Stop']"}[39m
[35m[HTTP][39m [37m<-- POST /wd/hub/session/bee273bd-6a2c-4cf8-864c-e9b635239267/elements [39m[32m200[39m [90m118 ms - 139[39m
[35m[HTTP][39m [90m[39m
[35m[HTTP][39m [37m-->[39m [37mGET[39m [37m/wd/hub/session/bee273bd-6a2c-4cf8-864c-e9b635239267/element/43000000-0000-0000-F91D-000000000000/location[39m
[35m[HTTP][39m [90m{}[39m
[35m[HTTP][39m [37m<-- GET /wd/hub/session/bee273bd-6a2c-4cf8-864c-e9b635239267/element/43000000-0000-0000-F91D-000000000000/location [39m[32m200[39m [90m19 ms - 26[39m
[35m[HTTP][39m [90m[39m
[35m[HTTP][39m [37m-->[39m [37mPOST[39m [37m/wd/hub/session/bee273bd-6a2c-4cf8-864c-e9b635239267/touch/perform[39m
[35m[HTTP][39m [90m{"actions":[{"action":"press","options":{"x":160,"y":284}},{"action":"wait","options":{"ms":500}},{"action":"moveTo","options":{"x":160,"y":142}},{"action":"release","options":{}}]}[39m
[35m[HTTP][39m [37m<-- POST /wd/hub/session/bee273bd-6a2c-4cf8-864c-e9b635239267/touch/perform [39m[32m200[39m [90m558 ms - 14[39m
[35m[HTTP][39m [90m[39m
[35m[HTTP][39m [37m-->[39m [37mPOST[39m [37m/wd/hub/session/bee273bd-6a2c-4cf8-864c-e9b635239267/elements[39m
[35m[HTTP][39m [90m{"using":"xpath","value":"//*[@type = 'XCUIElementTypeButton' and @label = 'Stop' and @name = 'Stop']"}[39m
[35m[HTTP][39m [37m<-- POST /wd/hub/session/bee273bd-6a2c-4cf8-864c-e9b635239267/elements [39m[32m200[39m [90m112 ms - 139[39m
[35m[HTTP][39m [90m[39m
[35m[HTTP][39m [37m-->[39m [37mGET[39m [37m/wd/hub/session/bee273bd-6a2c-4cf8-864c-e9b635239267/element/43000000-0000-0000-F91D-000000000000/location[39m
[35m[HTTP][39m [90m{}[39m
[35m[HTTP][39m [37m<-- GET /wd/hub/session/bee273bd-6a2c-4cf8-864c-e9b635239267/element/43000000-0000-0000-F91D-000000000000/location [39m[32m200[39m [90m20 ms - 26[39m
[35m[HTTP][39m [90m[39m
[35m[HTTP][39m [37m-->[39m [37mPOST[39m [37m/wd/hub/session/bee273bd-6a2c-4cf8-864c-e9b635239267/touch/perform[39m
[35m[HTTP][39m [90m{"actions":[{"action":"press","options":{"x":160,"y":284}},{"action":"wait","options":{"ms":500}},{"action":"moveTo","options":{"x":160,"y":142}},{"action":"release","options":{}}]}[39m
[35m[HTTP][39m [37m<-- POST /wd/hub/session/bee273bd-6a2c-4cf8-864c-e9b635239267/touch/perform [39m[32m200[39m [90m563 ms - 14[39m
[35m[HTTP][39m [90m[39m
[35m[HTTP][39m [37m-->[39m [37mPOST[39m [37m/wd/hub/session/bee273bd-6a2c-4cf8-864c-e9b635239267/elements[39m
[35m[HTTP][39m [90m{"using":"xpath","value":"//*[@type = 'XCUIElementTypeButton' and @label = 'Stop' and @name = 'Stop']"}[39m
[35m[HTTP][39m [37m<-- POST /wd/hub/session/bee273bd-6a2c-4cf8-864c-e9b635239267/elements [39m[32m200[39m [90m120 ms - 139[39m
[35m[HTTP][39m [90m[39m
[35m[HTTP][39m [37m-->[39m [37mGET[39m [37m/wd/hub/session/bee273bd-6a2c-4cf8-864c-e9b635239267/element/43000000-0000-0000-F91D-000000000000/location[39m
[35m[HTTP][39m [90m{}[39m
[35m[HTTP][39m [37m<-- GET /wd/hub/session/bee273bd-6a2c-4cf8-864c-e9b635239267/element/43000000-0000-0000-F91D-000000000000/location [39m[32m200[39m [90m18 ms - 26[39m
[35m[HTTP][39m [90m[39m
[35m[HTTP][39m [37m-->[39m [37mPOST[39m [37m/wd/hub/session/bee273bd-6a2c-4cf8-864c-e9b635239267/touch/perform[39m
[35m[HTTP][39m [90m{"actions":[{"action":"press","options":{"x":160,"y":284}},{"action":"wait","options":{"ms":500}},{"action":"moveTo","options":{"x":160,"y":142}},{"action":"release","options":{}}]}[39m
[35m[HTTP][39m [37m<-- POST /wd/hub/session/bee273bd-6a2c-4cf8-864c-e9b635239267/touch/perform [39m[32m200[39m [90m556 ms - 14[39m
[35m[HTTP][39m [90m[39m
[35m[HTTP][39m [37m-->[39m [37mPOST[39m [37m/wd/hub/session/bee273bd-6a2c-4cf8-864c-e9b635239267/elements[39m
[35m[HTTP][39m [90m{"using":"xpath","value":"//*[@type = 'XCUIElementTypeButton' and @label = 'Stop' and @name = 'Stop']"}[39m
[35m[HTTP][39m [37m<-- POST /wd/hub/session/bee273bd-6a2c-4cf8-864c-e9b635239267/elements [39m[32m200[39m [90m122 ms - 139[39m
[35m[HTTP][39m [90m[39m
[35m[HTTP][39m [37m-->[39m [37mGET[39m [37m/wd/hub/session/bee273bd-6a2c-4cf8-864c-e9b635239267/element/43000000-0000-0000-F91D-000000000000/location[39m
[35m[HTTP][39m [90m{}[39m
[35m[HTTP][39m [37m<-- GET /wd/hub/session/bee273bd-6a2c-4cf8-864c-e9b635239267/element/43000000-0000-0000-F91D-000000000000/location [39m[32m200[39m [90m18 ms - 26[39m
[35m[HTTP][39m [90m[39m
[35m[HTTP][39m [37m-->[39m [37mPOST[39m [37m/wd/hub/session/bee273bd-6a2c-4cf8-864c-e9b635239267/touch/perform[39m
[35m[HTTP][39m [90m{"actions":[{"action":"press","options":{"x":160,"y":284}},{"action":"wait","options":{"ms":500}},{"action":"moveTo","options":{"x":160,"y":142}},{"action":"release","options":{}}]}[39m
[35m[HTTP][39m [37m<-- POST /wd/hub/session/bee273bd-6a2c-4cf8-864c-e9b635239267/touch/perform [39m[32m200[39m [90m564 ms - 14[39m
[35m[HTTP][39m [90m[39m
[35m[HTTP][39m [37m-->[39m [37mPOST[39m [37m/wd/hub/session/bee273bd-6a2c-4cf8-864c-e9b635239267/elements[39m
[35m[HTTP][39m [90m{"using":"xpath","value":"//*[@type = 'XCUIElementTypeButton' and @label = 'Stop' and @name = 'Stop']"}[39m
[35m[HTTP][39m [37m<-- POST /wd/hub/session/bee273bd-6a2c-4cf8-864c-e9b635239267/elements [39m[32m200[39m [90m109 ms - 139[39m
[35m[HTTP][39m [90m[39m
[35m[HTTP][39m [37m-->[39m [37mGET[39m [37m/wd/hub/session/bee273bd-6a2c-4cf8-864c-e9b635239267/element/43000000-0000-0000-F91D-000000000000/location[39m
[35m[HTTP][39m [90m{}[39m
[35m[HTTP][39m [37m<-- GET /wd/hub/session/bee273bd-6a2c-4cf8-864c-e9b635239267/element/43000000-0000-0000-F91D-000000000000/location [39m[32m200[39m [90m18 ms - 26[39m
[35m[HTTP][39m [90m[39m
[35m[HTTP][39m [37m-->[39m [37mPOST[39m [37m/wd/hub/session/bee273bd-6a2c-4cf8-864c-e9b635239267/touch/perform[39m
[35m[HTTP][39m [90m{"actions":[{"action":"press","options":{"x":160,"y":284}},{"action":"wait","options":{"ms":500}},{"action":"moveTo","options":{"x":160,"y":142}},{"action":"release","options":{}}]}[39m
[35m[HTTP][39m [37m<-- POST /wd/hub/session/bee273bd-6a2c-4cf8-864c-e9b635239267/touch/perform [39m[32m200[39m [90m596 ms - 14[39m
[35m[HTTP][39m [90m[39m
[35m[HTTP][39m [37m-->[39m [37mPOST[39m [37m/wd/hub/session/bee273bd-6a2c-4cf8-864c-e9b635239267/elements[39m
[35m[HTTP][39m [90m{"using":"xpath","value":"//*[@type = 'XCUIElementTypeButton' and @label = 'Stop' and @name = 'Stop']"}[39m
[35m[HTTP][39m [37m<-- POST /wd/hub/session/bee273bd-6a2c-4cf8-864c-e9b635239267/elements [39m[32m200[39m [90m130 ms - 139[39m
[35m[HTTP][39m [90m[39m
[35m[HTTP][39m [37m-->[39m [37mGET[39m [37m/wd/hub/session/bee273bd-6a2c-4cf8-864c-e9b635239267/element/43000000-0000-0000-F91D-000000000000/location[39m
[35m[HTTP][39m [90m{}[39m
[35m[HTTP][39m [37m<-- GET /wd/hub/session/bee273bd-6a2c-4cf8-864c-e9b635239267/element/43000000-0000-0000-F91D-000000000000/location [39m[32m200[39m [90m59 ms - 26[39m
[35m[HTTP][39m [90m[39m
[35m[HTTP][39m [37m-->[39m [37mPOST[39m [37m/wd/hub/session/bee273bd-6a2c-4cf8-864c-e9b635239267/touch/perform[39m
[35m[HTTP][39m [90m{"actions":[{"action":"press","options":{"x":160,"y":284}},{"action":"wait","options":{"ms":500}},{"action":"moveTo","options":{"x":160,"y":142}},{"action":"release","options":{}}]}[39m
[35m[HTTP][39m [37m<-- POST /wd/hub/session/bee273bd-6a2c-4cf8-864c-e9b635239267/touch/perform [39m[32m200[39m [90m577 ms - 14[39m
[35m[HTTP][39m [90m[39m
[35m[HTTP][39m [37m-->[39m [37mPOST[39m [37m/wd/hub/session/bee273bd-6a2c-4cf8-864c-e9b635239267/element/43000000-0000-0000-F91D-000000000000/click[39m
[35m[HTTP][39m [90m{"id":"43000000-0000-0000-F91D-000000000000"}[39m
[35m[W3C (bee273bd)][39m Driver proxy active, passing request on via HTTP proxy
[35m[WD Proxy][39m Replacing sessionId 39BEC1D7-5D4B-47B7-96D3-C85851DC79B5 with bee273bd-6a2c-4cf8-864c-e9b635239267
[35m[HTTP][39m [37m<-- POST /wd/hub/session/bee273bd-6a2c-4cf8-864c-e9b635239267/element/43000000-0000-0000-F91D-000000000000/click [39m[32m200[39m [90m152 ms - 65[39m
[35m[HTTP][39m [90m[39m
[35m[HTTP][39m [37m-->[39m [37mPOST[39m [37m/wd/hub/session/bee273bd-6a2c-4cf8-864c-e9b635239267/execute/sync[39m
[35m[HTTP][39m [90m{"script":"mobile: source","args":[{"format":"xml","excludedAttributes":"visible"}]}[39m
[35m[HTTP][39m [37m<-- POST /wd/hub/session/bee273bd-6a2c-4cf8-864c-e9b635239267/execute/sync [39m[32m200[39m [90m205 ms - 3450[39m
[35m[HTTP][39m [90m[39m
[35m[HTTP][39m [37m-->[39m [37mGET[39m [37m/wd/hub/session/bee273bd-6a2c-4cf8-864c-e9b635239267/screenshot[39m
[35m[HTTP][39m [90m{}[39m
[35m[HTTP][39m [37m<-- GET /wd/hub/session/bee273bd-6a2c-4cf8-864c-e9b635239267/screenshot [39m[32m200[39m [90m50 ms - 227544[39m
[35m[HTTP][39m [90m[39m
[35m[HTTP][39m [37m-->[39m [37mPOST[39m [37m/wd/hub/session/bee273bd-6a2c-4cf8-864c-e9b635239267/element[39m
[35m[HTTP][39m [90m{"using":"xpath","value":"//*[@type = 'XCUIElementTypeButton' and @label = 'Edit' and @name = 'Edit']"}[39m
[35m[HTTP][39m [37m<-- POST /wd/hub/session/bee273bd-6a2c-4cf8-864c-e9b635239267/element [39m[32m200[39m [90m115 ms - 137[39m
[35m[HTTP][39m [90m[39m
[35m[HTTP][39m [37m-->[39m [37mGET[39m [37m/wd/hub/session/bee273bd-6a2c-4cf8-864c-e9b635239267/window/rect[39m
[35m[HTTP][39m [90m{}[39m
[35m[HTTP][39m [37m<-- GET /wd/hub/session/bee273bd-6a2c-4cf8-864c-e9b635239267/window/rect [39m[32m200[39m [90m28 ms - 48[39m
[35m[HTTP][39m [90m[39m
[35m[HTTP][39m [37m-->[39m [37mPOST[39m [37m/wd/hub/session/bee273bd-6a2c-4cf8-864c-e9b635239267/elements[39m
[35m[HTTP][39m [90m{"using":"xpath","value":"//*[@type = 'XCUIElementTypeButton' and @label = 'Edit' and @name = 'Edit']"}[39m
[35m[HTTP][39m [37m<-- POST /wd/hub/session/bee273bd-6a2c-4cf8-864c-e9b635239267/elements [39m[32m200[39m [90m91 ms - 139[39m
[35m[HTTP][39m [90m[39m
[35m[HTTP][39m [37m-->[39m [37mGET[39m [37m/wd/hub/session/bee273bd-6a2c-4cf8-864c-e9b635239267/element/3F000000-0000-0000-F91D-000000000000/location[39m
[35m[HTTP][39m [90m{}[39m
[35m[HTTP][39m [37m<-- GET /wd/hub/session/bee273bd-6a2c-4cf8-864c-e9b635239267/element/3F000000-0000-0000-F91D-000000000000/location [39m[32m200[39m [90m18 ms - 27[39m
[35m[HTTP][39m [90m[39m
[35m[HTTP][39m [37m-->[39m [37mPOST[39m [37m/wd/hub/session/bee273bd-6a2c-4cf8-864c-e9b635239267/element/3F000000-0000-0000-F91D-000000000000/click[39m
[35m[HTTP][39m [90m{"id":"3F000000-0000-0000-F91D-000000000000"}[39m
[35m[W3C (bee273bd)][39m Driver proxy active, passing request on via HTTP proxy
[35m[WD Proxy][39m Replacing sessionId 39BEC1D7-5D4B-47B7-96D3-C85851DC79B5 with bee273bd-6a2c-4cf8-864c-e9b635239267
[35m[HTTP][39m [37m<-- POST /wd/hub/session/bee273bd-6a2c-4cf8-864c-e9b635239267/element/3F000000-0000-0000-F91D-000000000000/click [39m[32m200[39m [90m133 ms - 65[39m
[35m[HTTP][39m [90m[39m
[35m[HTTP][39m [37m-->[39m [37mPOST[39m [37m/wd/hub/session/bee273bd-6a2c-4cf8-864c-e9b635239267/execute/sync[39m
[35m[HTTP][39m [90m{"script":"mobile: source","args":[{"format":"xml","excludedAttributes":"visible"}]}[39m
[35m[HTTP][39m [37m<-- POST /wd/hub/session/bee273bd-6a2c-4cf8-864c-e9b635239267/execute/sync [39m[32m200[39m [90m419 ms - 7824[39m
[35m[HTTP][39m [90m[39m
[35m[HTTP][39m [37m-->[39m [37mGET[39m [37m/wd/hub/session/bee273bd-6a2c-4cf8-864c-e9b635239267/screenshot[39m
[35m[HTTP][39m [90m{}[39m
[35m[HTTP][39m [37m<-- GET /wd/hub/session/bee273bd-6a2c-4cf8-864c-e9b635239267/screenshot [39m[32m200[39m [90m51 ms - 184936[39m
[35m[HTTP][39m [90m[39m
[35m[HTTP][39m [37m-->[39m [37mDELETE[39m [37m/wd/hub/session/bee273bd-6a2c-4cf8-864c-e9b635239267[39m
[35m[HTTP][39m [90m{}[39m
[35m[Appium][39m Removing session bee273bd-6a2c-4cf8-864c-e9b635239267 from our master session list
[35m[DevCon Factory][39m Releasing connections for 924EAC0E-38A9-497D-B770-C8CE7DB2C0A0 device on any port number
[35m[DevCon Factory][39m Found cached connections to release: ["924EAC0E-38A9-497D-B770-C8CE7DB2C0A0:65489"]
[35m[HTTP][39m [37m<-- DELETE /wd/hub/session/bee273bd-6a2c-4cf8-864c-e9b635239267 [39m[32m200[39m [90m30 ms - 14[39m
[35m[HTTP][39m [90m[39m
